<?xml version="1.0" encoding="UTF-8"?>
<testsuite xmlns:xsi="http://www.w3.org/2001/XMLSchema-instance" xsi:noNamespaceSchemaLocation="https://maven.apache.org/surefire/maven-surefire-plugin/xsd/surefire-test-report.xsd" name="com.pluralsight.bookstore.repository.BookRepositoryTest" time="5.579" tests="14" errors="0" skipped="0" failures="0">
  <properties>
    <property name="gopherProxySet" value="false"/>
    <property name="awt.toolkit" value="sun.lwawt.macosx.LWCToolkit"/>
    <property name="java.specification.version" value="11"/>
    <property name="arquillian.launch" value="arquillian-wildfly-remote"/>
    <property name="sun.cpu.isalist" value=""/>
    <property name="sun.jnu.encoding" value="UTF-8"/>
    <property name="java.class.path" value="/Users/user/Desktop/bookstore-back/target/test-classes:/Users/user/Desktop/bookstore-back/target/classes:/Users/user/.m2/repository/javax/javaee-web-api/7.0/javaee-web-api-7.0.jar:/Users/user/.m2/repository/io/swagger/swagger-annotations/1.5.13/swagger-annotations-1.5.13.jar:/Users/user/.m2/repository/junit/junit/4.12/junit-4.12.jar:/Users/user/.m2/repository/org/hamcrest/hamcrest-core/1.3/hamcrest-core-1.3.jar:/Users/user/.m2/repository/org/jboss/arquillian/junit/arquillian-junit-container/1.4.1.Final/arquillian-junit-container-1.4.1.Final.jar:/Users/user/.m2/repository/org/jboss/arquillian/junit/arquillian-junit-core/1.4.1.Final/arquillian-junit-core-1.4.1.Final.jar:/Users/user/.m2/repository/org/jboss/arquillian/test/arquillian-test-api/1.4.1.Final/arquillian-test-api-1.4.1.Final.jar:/Users/user/.m2/repository/org/jboss/arquillian/test/arquillian-test-spi/1.4.1.Final/arquillian-test-spi-1.4.1.Final.jar:/Users/user/.m2/repository/org/jboss/arquillian/container/arquillian-container-test-api/1.4.1.Final/arquillian-container-test-api-1.4.1.Final.jar:/Users/user/.m2/repository/org/jboss/shrinkwrap/shrinkwrap-api/1.2.6/shrinkwrap-api-1.2.6.jar:/Users/user/.m2/repository/org/jboss/shrinkwrap/descriptors/shrinkwrap-descriptors-api-base/2.0.0/shrinkwrap-descriptors-api-base-2.0.0.jar:/Users/user/.m2/repository/org/jboss/arquillian/container/arquillian-container-test-spi/1.4.1.Final/arquillian-container-test-spi-1.4.1.Final.jar:/Users/user/.m2/repository/org/jboss/arquillian/container/arquillian-container-spi/1.4.1.Final/arquillian-container-spi-1.4.1.Final.jar:/Users/user/.m2/repository/org/jboss/arquillian/core/arquillian-core-impl-base/1.4.1.Final/arquillian-core-impl-base-1.4.1.Final.jar:/Users/user/.m2/repository/org/jboss/arquillian/test/arquillian-test-impl-base/1.4.1.Final/arquillian-test-impl-base-1.4.1.Final.jar:/Users/user/.m2/repository/org/jboss/arquillian/container/arquillian-container-impl-base/1.4.1.Final/arquillian-container-impl-base-1.4.1.Final.jar:/Users/user/.m2/repository/org/jboss/arquillian/config/arquillian-config-api/1.4.1.Final/arquillian-config-api-1.4.1.Final.jar:/Users/user/.m2/repository/org/jboss/arquillian/config/arquillian-config-impl-base/1.4.1.Final/arquillian-config-impl-base-1.4.1.Final.jar:/Users/user/.m2/repository/org/jboss/arquillian/config/arquillian-config-spi/1.4.1.Final/arquillian-config-spi-1.4.1.Final.jar:/Users/user/.m2/repository/org/jboss/shrinkwrap/descriptors/shrinkwrap-descriptors-spi/2.0.0/shrinkwrap-descriptors-spi-2.0.0.jar:/Users/user/.m2/repository/org/jboss/arquillian/container/arquillian-container-test-impl-base/1.4.1.Final/arquillian-container-test-impl-base-1.4.1.Final.jar:/Users/user/.m2/repository/org/jboss/shrinkwrap/shrinkwrap-impl-base/1.2.6/shrinkwrap-impl-base-1.2.6.jar:/Users/user/.m2/repository/org/jboss/shrinkwrap/shrinkwrap-spi/1.2.6/shrinkwrap-spi-1.2.6.jar:/Users/user/.m2/repository/org/wildfly/arquillian/wildfly-arquillian-container-remote/2.1.1.Final/wildfly-arquillian-container-remote-2.1.1.Final.jar:/Users/user/.m2/repository/org/wildfly/arquillian/wildfly-arquillian-common/2.1.1.Final/wildfly-arquillian-common-2.1.1.Final.jar:/Users/user/.m2/repository/org/jboss/arquillian/testenricher/arquillian-testenricher-cdi/1.4.1.Final/arquillian-testenricher-cdi-1.4.1.Final.jar:/Users/user/.m2/repository/org/jboss/arquillian/testenricher/arquillian-testenricher-ejb/1.4.1.Final/arquillian-testenricher-ejb-1.4.1.Final.jar:/Users/user/.m2/repository/org/jboss/arquillian/testenricher/arquillian-testenricher-initialcontext/1.4.1.Final/arquillian-testenricher-initialcontext-1.4.1.Final.jar:/Users/user/.m2/repository/org/jboss/arquillian/testenricher/arquillian-testenricher-resource/1.4.1.Final/arquillian-testenricher-resource-1.4.1.Final.jar:/Users/user/.m2/repository/org/jboss/arquillian/protocol/arquillian-protocol-servlet/1.4.1.Final/arquillian-protocol-servlet-1.4.1.Final.jar:/Users/user/.m2/repository/org/wildfly/arquillian/wildfly-arquillian-testenricher-msc/2.1.1.Final/wildfly-arquillian-testenricher-msc-2.1.1.Final.jar:/Users/user/.m2/repository/org/wildfly/core/wildfly-server/3.0.0.Final/wildfly-server-3.0.0.Final.jar:/Users/user/.m2/repository/org/wildfly/core/wildfly-controller/3.0.0.Final/wildfly-controller-3.0.0.Final.jar:/Users/user/.m2/repository/org/jboss/staxmapper/1.3.0.Final/staxmapper-1.3.0.Final.jar:/Users/user/.m2/repository/org/projectodd/vdx/vdx-wildfly/1.1.6/vdx-wildfly-1.1.6.jar:/Users/user/.m2/repository/org/projectodd/vdx/vdx-core/1.1.6/vdx-core-1.1.6.jar:/Users/user/.m2/repository/org/wildfly/core/wildfly-core-management-client/3.0.0.Final/wildfly-core-management-client-3.0.0.Final.jar:/Users/user/.m2/repository/org/wildfly/core/wildfly-domain-http-interface/3.0.0.Final/wildfly-domain-http-interface-3.0.0.Final.jar:/Users/user/.m2/repository/org/wildfly/security/elytron-web/undertow-server/1.0.0.Final/undertow-server-1.0.0.Final.jar:/Users/user/.m2/repository/org/wildfly/core/wildfly-deployment-repository/3.0.0.Final/wildfly-deployment-repository-3.0.0.Final.jar:/Users/user/.m2/repository/org/wildfly/core/wildfly-platform-mbean/3.0.0.Final/wildfly-platform-mbean-3.0.0.Final.jar:/Users/user/.m2/repository/org/wildfly/core/wildfly-process-controller/3.0.0.Final/wildfly-process-controller-3.0.0.Final.jar:/Users/user/.m2/repository/org/wildfly/core/wildfly-network/3.0.0.Final/wildfly-network-3.0.0.Final.jar:/Users/user/.m2/repository/org/wildfly/core/wildfly-version/3.0.0.Final/wildfly-version-3.0.0.Final.jar:/Users/user/.m2/repository/org/jboss/jandex/2.0.3.Final/jandex-2.0.3.Final.jar:/Users/user/.m2/repository/org/jboss/invocation/jboss-invocation/1.5.0.Final/jboss-invocation-1.5.0.Final.jar:/Users/user/.m2/repository/org/jboss/logmanager/jboss-logmanager/2.0.7.Final/jboss-logmanager-2.0.7.Final.jar:/Users/user/.m2/repository/org/jboss/modules/jboss-modules/1.6.0.Final/jboss-modules-1.6.0.Final.jar:/Users/user/.m2/repository/org/jboss/remoting/jboss-remoting/5.0.0.Final/jboss-remoting-5.0.0.Final.jar:/Users/user/.m2/repository/org/jboss/stdio/jboss-stdio/1.0.2.GA/jboss-stdio-1.0.2.GA.jar:/Users/user/.m2/repository/org/jboss/jboss-vfs/3.2.12.Final/jboss-vfs-3.2.12.Final.jar:/Users/user/.m2/repository/io/undertow/undertow-core/1.4.18.Final/undertow-core-1.4.18.Final.jar:/Users/user/.m2/repository/org/wildfly/core/wildfly-controller-client/3.0.0.Final/wildfly-controller-client-3.0.0.Final.jar:/Users/user/.m2/repository/org/wildfly/core/wildfly-protocol/3.0.0.Final/wildfly-protocol-3.0.0.Final.jar:/Users/user/.m2/repository/org/jboss/xnio/xnio-api/3.5.1.Final/xnio-api-3.5.1.Final.jar:/Users/user/.m2/repository/org/jboss/xnio/xnio-nio/3.5.1.Final/xnio-nio-3.5.1.Final.jar:/Users/user/.m2/repository/org/jboss/jboss-dmr/1.4.1.Final/jboss-dmr-1.4.1.Final.jar:/Users/user/.m2/repository/org/jboss/logging/jboss-logging/3.3.1.Final/jboss-logging-3.3.1.Final.jar:/Users/user/.m2/repository/org/jboss/threads/jboss-threads/2.2.1.Final/jboss-threads-2.2.1.Final.jar:/Users/user/.m2/repository/org/wildfly/plugins/wildfly-plugin-core/1.2.0.Final/wildfly-plugin-core-1.2.0.Final.jar:/Users/user/.m2/repository/org/jboss/shrinkwrap/descriptors/shrinkwrap-descriptors-impl-base/2.0.0/shrinkwrap-descriptors-impl-base-2.0.0.jar:/Users/user/.m2/repository/org/wildfly/common/wildfly-common/1.2.0.Final/wildfly-common-1.2.0.Final.jar:/Users/user/.m2/repository/org/wildfly/arquillian/wildfly-arquillian-protocol-jmx/2.1.1.Final/wildfly-arquillian-protocol-jmx-2.1.1.Final.jar:/Users/user/.m2/repository/org/wildfly/security/wildfly-elytron/1.1.0.Final/wildfly-elytron-1.1.0.Final.jar:/Users/user/.m2/repository/org/jboss/arquillian/protocol/arquillian-protocol-jmx/1.4.1.Final/arquillian-protocol-jmx-1.4.1.Final.jar:/Users/user/.m2/repository/org/wildfly/core/wildfly-jmx/3.0.0.Final/wildfly-jmx-3.0.0.Final.jar:/Users/user/.m2/repository/org/jboss/msc/jboss-msc/1.2.7.SP1/jboss-msc-1.2.7.SP1.jar:/Users/user/.m2/repository/org/jboss/remotingjmx/remoting-jmx/3.0.0.Final/remoting-jmx-3.0.0.Final.jar:/Users/user/.m2/repository/org/wildfly/client/wildfly-client-config/1.0.0.Final/wildfly-client-config-1.0.0.Final.jar:/Users/user/.m2/repository/org/wildfly/core/wildfly-remoting/3.0.0.Final/wildfly-remoting-3.0.0.Final.jar:/Users/user/.m2/repository/org/wildfly/core/wildfly-domain-management/3.0.0.Final/wildfly-domain-management-3.0.0.Final.jar:/Users/user/.m2/repository/org/picketbox/picketbox/5.0.2.Final/picketbox-5.0.2.Final.jar:/Users/user/.m2/repository/org/wildfly/openssl/wildfly-openssl-java/1.0.2.Final/wildfly-openssl-java-1.0.2.Final.jar:/Users/user/.m2/repository/org/wildfly/core/wildfly-core-security/3.0.0.Final/wildfly-core-security-3.0.0.Final.jar:/Users/user/.m2/repository/org/wildfly/core/wildfly-core-security-api/3.0.0.Final/wildfly-core-security-api-3.0.0.Final.jar:/Users/user/.m2/repository/org/wildfly/core/wildfly-io/3.0.0.Final/wildfly-io-3.0.0.Final.jar:/Users/user/.m2/repository/org/jboss/marshalling/jboss-marshalling-river/2.0.0.Final/jboss-marshalling-river-2.0.0.Final.jar:/Users/user/.m2/repository/org/jboss/marshalling/jboss-marshalling/2.0.0.Final/jboss-marshalling-2.0.0.Final.jar:/Users/user/.m2/repository/org/jboss/arquillian/core/arquillian-core-api/1.4.1.Final/arquillian-core-api-1.4.1.Final.jar:/Users/user/.m2/repository/org/jboss/arquillian/extension/arquillian-rest-client-api/1.0.0.Alpha4/arquillian-rest-client-api-1.0.0.Alpha4.jar:/Users/user/.m2/repository/org/jboss/arquillian/extension/arquillian-rest-client-impl-3x/1.0.0.Alpha4/arquillian-rest-client-impl-3x-1.0.0.Alpha4.jar:/Users/user/.m2/repository/org/jboss/arquillian/extension/arquillian-rest-client-impl-base/1.0.0.Alpha4/arquillian-rest-client-impl-base-1.0.0.Alpha4.jar:/Users/user/.m2/repository/javassist/javassist/3.12.1.GA/javassist-3.12.1.GA.jar:/Users/user/.m2/repository/org/jboss/arquillian/core/arquillian-core-spi/1.4.1.Final/arquillian-core-spi-1.4.1.Final.jar:/Users/user/.m2/repository/org/jboss/resteasy/resteasy-client/3.0.0.Final/resteasy-client-3.0.0.Final.jar:/Users/user/.m2/repository/org/jboss/resteasy/resteasy-jaxrs/3.0.0.Final/resteasy-jaxrs-3.0.0.Final.jar:/Users/user/.m2/repository/org/jboss/resteasy/jaxrs-api/3.0.0.Final/jaxrs-api-3.0.0.Final.jar:/Users/user/.m2/repository/org/slf4j/slf4j-simple/1.5.8/slf4j-simple-1.5.8.jar:/Users/user/.m2/repository/org/slf4j/slf4j-api/1.5.8/slf4j-api-1.5.8.jar:/Users/user/.m2/repository/org/scannotation/scannotation/1.0.3/scannotation-1.0.3.jar:/Users/user/.m2/repository/javax/annotation/jsr250-api/1.0/jsr250-api-1.0.jar:/Users/user/.m2/repository/javax/activation/activation/1.1/activation-1.1.jar:/Users/user/.m2/repository/org/apache/httpcomponents/httpclient/4.2.1/httpclient-4.2.1.jar:/Users/user/.m2/repository/org/apache/httpcomponents/httpcore/4.2.1/httpcore-4.2.1.jar:/Users/user/.m2/repository/commons-logging/commons-logging/1.1.1/commons-logging-1.1.1.jar:/Users/user/.m2/repository/commons-codec/commons-codec/1.6/commons-codec-1.6.jar:/Users/user/.m2/repository/commons-io/commons-io/2.1/commons-io-2.1.jar:/Users/user/.m2/repository/net/jcip/jcip-annotations/1.0/jcip-annotations-1.0.jar:/Users/user/.m2/repository/org/jboss/resteasy/resteasy-jackson-provider/3.6.3.Final/resteasy-jackson-provider-3.6.3.Final.jar:/Users/user/.m2/repository/org/codehaus/jackson/jackson-core-asl/1.9.13/jackson-core-asl-1.9.13.jar:/Users/user/.m2/repository/org/codehaus/jackson/jackson-mapper-asl/1.9.13/jackson-mapper-asl-1.9.13.jar:/Users/user/.m2/repository/org/codehaus/jackson/jackson-jaxrs/1.9.13/jackson-jaxrs-1.9.13.jar:/Users/user/.m2/repository/org/codehaus/jackson/jackson-xc/1.9.13/jackson-xc-1.9.13.jar:/Users/user/.m2/repository/jakarta/xml/bind/jakarta.xml.bind-api/2.3.2/jakarta.xml.bind-api-2.3.2.jar:/Users/user/.m2/repository/jakarta/activation/jakarta.activation-api/1.2.1/jakarta.activation-api-1.2.1.jar:/Users/user/.m2/repository/org/glassfish/jaxb/jaxb-runtime/2.3.2/jaxb-runtime-2.3.2.jar:/Users/user/.m2/repository/org/glassfish/jaxb/txw2/2.3.2/txw2-2.3.2.jar:/Users/user/.m2/repository/com/sun/istack/istack-commons-runtime/3.0.8/istack-commons-runtime-3.0.8.jar:/Users/user/.m2/repository/org/jvnet/staxex/stax-ex/1.8.1/stax-ex-1.8.1.jar:/Users/user/.m2/repository/com/sun/xml/fastinfoset/FastInfoset/1.2.16/FastInfoset-1.2.16.jar:"/>
    <property name="java.vm.vendor" value="Amazon.com Inc."/>
    <property name="sun.arch.data.model" value="64"/>
    <property name="java.vendor.url" value="https://aws.amazon.com/corretto/"/>
    <property name="user.timezone" value=""/>
    <property name="java.vm.specification.version" value="11"/>
    <property name="os.name" value="Mac OS X"/>
    <property name="sun.java.launcher" value="SUN_STANDARD"/>
    <property name="user.country" value="CA"/>
    <property name="sun.boot.library.path" value="/Users/user/Library/Java/JavaVirtualMachines/corretto-11.0.10/Contents/Home/lib"/>
    <property name="sun.java.command" value="/Users/user/Desktop/bookstore-back/target/surefire/surefirebooter5860567310683778574.jar /Users/user/Desktop/bookstore-back/target/surefire 2025-05-16T14-42-58_806-jvmRun1 surefire11493772531117588363tmp surefire_04284828466378961339tmp"/>
    <property name="http.nonProxyHosts" value="local|*.local|169.254/16|*.169.254/16"/>
    <property name="jdk.debug" value="release"/>
    <property name="surefire.test.class.path" value="/Users/user/Desktop/bookstore-back/target/test-classes:/Users/user/Desktop/bookstore-back/target/classes:/Users/user/.m2/repository/javax/javaee-web-api/7.0/javaee-web-api-7.0.jar:/Users/user/.m2/repository/io/swagger/swagger-annotations/1.5.13/swagger-annotations-1.5.13.jar:/Users/user/.m2/repository/junit/junit/4.12/junit-4.12.jar:/Users/user/.m2/repository/org/hamcrest/hamcrest-core/1.3/hamcrest-core-1.3.jar:/Users/user/.m2/repository/org/jboss/arquillian/junit/arquillian-junit-container/1.4.1.Final/arquillian-junit-container-1.4.1.Final.jar:/Users/user/.m2/repository/org/jboss/arquillian/junit/arquillian-junit-core/1.4.1.Final/arquillian-junit-core-1.4.1.Final.jar:/Users/user/.m2/repository/org/jboss/arquillian/test/arquillian-test-api/1.4.1.Final/arquillian-test-api-1.4.1.Final.jar:/Users/user/.m2/repository/org/jboss/arquillian/test/arquillian-test-spi/1.4.1.Final/arquillian-test-spi-1.4.1.Final.jar:/Users/user/.m2/repository/org/jboss/arquillian/container/arquillian-container-test-api/1.4.1.Final/arquillian-container-test-api-1.4.1.Final.jar:/Users/user/.m2/repository/org/jboss/shrinkwrap/shrinkwrap-api/1.2.6/shrinkwrap-api-1.2.6.jar:/Users/user/.m2/repository/org/jboss/shrinkwrap/descriptors/shrinkwrap-descriptors-api-base/2.0.0/shrinkwrap-descriptors-api-base-2.0.0.jar:/Users/user/.m2/repository/org/jboss/arquillian/container/arquillian-container-test-spi/1.4.1.Final/arquillian-container-test-spi-1.4.1.Final.jar:/Users/user/.m2/repository/org/jboss/arquillian/container/arquillian-container-spi/1.4.1.Final/arquillian-container-spi-1.4.1.Final.jar:/Users/user/.m2/repository/org/jboss/arquillian/core/arquillian-core-impl-base/1.4.1.Final/arquillian-core-impl-base-1.4.1.Final.jar:/Users/user/.m2/repository/org/jboss/arquillian/test/arquillian-test-impl-base/1.4.1.Final/arquillian-test-impl-base-1.4.1.Final.jar:/Users/user/.m2/repository/org/jboss/arquillian/container/arquillian-container-impl-base/1.4.1.Final/arquillian-container-impl-base-1.4.1.Final.jar:/Users/user/.m2/repository/org/jboss/arquillian/config/arquillian-config-api/1.4.1.Final/arquillian-config-api-1.4.1.Final.jar:/Users/user/.m2/repository/org/jboss/arquillian/config/arquillian-config-impl-base/1.4.1.Final/arquillian-config-impl-base-1.4.1.Final.jar:/Users/user/.m2/repository/org/jboss/arquillian/config/arquillian-config-spi/1.4.1.Final/arquillian-config-spi-1.4.1.Final.jar:/Users/user/.m2/repository/org/jboss/shrinkwrap/descriptors/shrinkwrap-descriptors-spi/2.0.0/shrinkwrap-descriptors-spi-2.0.0.jar:/Users/user/.m2/repository/org/jboss/arquillian/container/arquillian-container-test-impl-base/1.4.1.Final/arquillian-container-test-impl-base-1.4.1.Final.jar:/Users/user/.m2/repository/org/jboss/shrinkwrap/shrinkwrap-impl-base/1.2.6/shrinkwrap-impl-base-1.2.6.jar:/Users/user/.m2/repository/org/jboss/shrinkwrap/shrinkwrap-spi/1.2.6/shrinkwrap-spi-1.2.6.jar:/Users/user/.m2/repository/org/wildfly/arquillian/wildfly-arquillian-container-remote/2.1.1.Final/wildfly-arquillian-container-remote-2.1.1.Final.jar:/Users/user/.m2/repository/org/wildfly/arquillian/wildfly-arquillian-common/2.1.1.Final/wildfly-arquillian-common-2.1.1.Final.jar:/Users/user/.m2/repository/org/jboss/arquillian/testenricher/arquillian-testenricher-cdi/1.4.1.Final/arquillian-testenricher-cdi-1.4.1.Final.jar:/Users/user/.m2/repository/org/jboss/arquillian/testenricher/arquillian-testenricher-ejb/1.4.1.Final/arquillian-testenricher-ejb-1.4.1.Final.jar:/Users/user/.m2/repository/org/jboss/arquillian/testenricher/arquillian-testenricher-initialcontext/1.4.1.Final/arquillian-testenricher-initialcontext-1.4.1.Final.jar:/Users/user/.m2/repository/org/jboss/arquillian/testenricher/arquillian-testenricher-resource/1.4.1.Final/arquillian-testenricher-resource-1.4.1.Final.jar:/Users/user/.m2/repository/org/jboss/arquillian/protocol/arquillian-protocol-servlet/1.4.1.Final/arquillian-protocol-servlet-1.4.1.Final.jar:/Users/user/.m2/repository/org/wildfly/arquillian/wildfly-arquillian-testenricher-msc/2.1.1.Final/wildfly-arquillian-testenricher-msc-2.1.1.Final.jar:/Users/user/.m2/repository/org/wildfly/core/wildfly-server/3.0.0.Final/wildfly-server-3.0.0.Final.jar:/Users/user/.m2/repository/org/wildfly/core/wildfly-controller/3.0.0.Final/wildfly-controller-3.0.0.Final.jar:/Users/user/.m2/repository/org/jboss/staxmapper/1.3.0.Final/staxmapper-1.3.0.Final.jar:/Users/user/.m2/repository/org/projectodd/vdx/vdx-wildfly/1.1.6/vdx-wildfly-1.1.6.jar:/Users/user/.m2/repository/org/projectodd/vdx/vdx-core/1.1.6/vdx-core-1.1.6.jar:/Users/user/.m2/repository/org/wildfly/core/wildfly-core-management-client/3.0.0.Final/wildfly-core-management-client-3.0.0.Final.jar:/Users/user/.m2/repository/org/wildfly/core/wildfly-domain-http-interface/3.0.0.Final/wildfly-domain-http-interface-3.0.0.Final.jar:/Users/user/.m2/repository/org/wildfly/security/elytron-web/undertow-server/1.0.0.Final/undertow-server-1.0.0.Final.jar:/Users/user/.m2/repository/org/wildfly/core/wildfly-deployment-repository/3.0.0.Final/wildfly-deployment-repository-3.0.0.Final.jar:/Users/user/.m2/repository/org/wildfly/core/wildfly-platform-mbean/3.0.0.Final/wildfly-platform-mbean-3.0.0.Final.jar:/Users/user/.m2/repository/org/wildfly/core/wildfly-process-controller/3.0.0.Final/wildfly-process-controller-3.0.0.Final.jar:/Users/user/.m2/repository/org/wildfly/core/wildfly-network/3.0.0.Final/wildfly-network-3.0.0.Final.jar:/Users/user/.m2/repository/org/wildfly/core/wildfly-version/3.0.0.Final/wildfly-version-3.0.0.Final.jar:/Users/user/.m2/repository/org/jboss/jandex/2.0.3.Final/jandex-2.0.3.Final.jar:/Users/user/.m2/repository/org/jboss/invocation/jboss-invocation/1.5.0.Final/jboss-invocation-1.5.0.Final.jar:/Users/user/.m2/repository/org/jboss/logmanager/jboss-logmanager/2.0.7.Final/jboss-logmanager-2.0.7.Final.jar:/Users/user/.m2/repository/org/jboss/modules/jboss-modules/1.6.0.Final/jboss-modules-1.6.0.Final.jar:/Users/user/.m2/repository/org/jboss/remoting/jboss-remoting/5.0.0.Final/jboss-remoting-5.0.0.Final.jar:/Users/user/.m2/repository/org/jboss/stdio/jboss-stdio/1.0.2.GA/jboss-stdio-1.0.2.GA.jar:/Users/user/.m2/repository/org/jboss/jboss-vfs/3.2.12.Final/jboss-vfs-3.2.12.Final.jar:/Users/user/.m2/repository/io/undertow/undertow-core/1.4.18.Final/undertow-core-1.4.18.Final.jar:/Users/user/.m2/repository/org/wildfly/core/wildfly-controller-client/3.0.0.Final/wildfly-controller-client-3.0.0.Final.jar:/Users/user/.m2/repository/org/wildfly/core/wildfly-protocol/3.0.0.Final/wildfly-protocol-3.0.0.Final.jar:/Users/user/.m2/repository/org/jboss/xnio/xnio-api/3.5.1.Final/xnio-api-3.5.1.Final.jar:/Users/user/.m2/repository/org/jboss/xnio/xnio-nio/3.5.1.Final/xnio-nio-3.5.1.Final.jar:/Users/user/.m2/repository/org/jboss/jboss-dmr/1.4.1.Final/jboss-dmr-1.4.1.Final.jar:/Users/user/.m2/repository/org/jboss/logging/jboss-logging/3.3.1.Final/jboss-logging-3.3.1.Final.jar:/Users/user/.m2/repository/org/jboss/threads/jboss-threads/2.2.1.Final/jboss-threads-2.2.1.Final.jar:/Users/user/.m2/repository/org/wildfly/plugins/wildfly-plugin-core/1.2.0.Final/wildfly-plugin-core-1.2.0.Final.jar:/Users/user/.m2/repository/org/jboss/shrinkwrap/descriptors/shrinkwrap-descriptors-impl-base/2.0.0/shrinkwrap-descriptors-impl-base-2.0.0.jar:/Users/user/.m2/repository/org/wildfly/common/wildfly-common/1.2.0.Final/wildfly-common-1.2.0.Final.jar:/Users/user/.m2/repository/org/wildfly/arquillian/wildfly-arquillian-protocol-jmx/2.1.1.Final/wildfly-arquillian-protocol-jmx-2.1.1.Final.jar:/Users/user/.m2/repository/org/wildfly/security/wildfly-elytron/1.1.0.Final/wildfly-elytron-1.1.0.Final.jar:/Users/user/.m2/repository/org/jboss/arquillian/protocol/arquillian-protocol-jmx/1.4.1.Final/arquillian-protocol-jmx-1.4.1.Final.jar:/Users/user/.m2/repository/org/wildfly/core/wildfly-jmx/3.0.0.Final/wildfly-jmx-3.0.0.Final.jar:/Users/user/.m2/repository/org/jboss/msc/jboss-msc/1.2.7.SP1/jboss-msc-1.2.7.SP1.jar:/Users/user/.m2/repository/org/jboss/remotingjmx/remoting-jmx/3.0.0.Final/remoting-jmx-3.0.0.Final.jar:/Users/user/.m2/repository/org/wildfly/client/wildfly-client-config/1.0.0.Final/wildfly-client-config-1.0.0.Final.jar:/Users/user/.m2/repository/org/wildfly/core/wildfly-remoting/3.0.0.Final/wildfly-remoting-3.0.0.Final.jar:/Users/user/.m2/repository/org/wildfly/core/wildfly-domain-management/3.0.0.Final/wildfly-domain-management-3.0.0.Final.jar:/Users/user/.m2/repository/org/picketbox/picketbox/5.0.2.Final/picketbox-5.0.2.Final.jar:/Users/user/.m2/repository/org/wildfly/openssl/wildfly-openssl-java/1.0.2.Final/wildfly-openssl-java-1.0.2.Final.jar:/Users/user/.m2/repository/org/wildfly/core/wildfly-core-security/3.0.0.Final/wildfly-core-security-3.0.0.Final.jar:/Users/user/.m2/repository/org/wildfly/core/wildfly-core-security-api/3.0.0.Final/wildfly-core-security-api-3.0.0.Final.jar:/Users/user/.m2/repository/org/wildfly/core/wildfly-io/3.0.0.Final/wildfly-io-3.0.0.Final.jar:/Users/user/.m2/repository/org/jboss/marshalling/jboss-marshalling-river/2.0.0.Final/jboss-marshalling-river-2.0.0.Final.jar:/Users/user/.m2/repository/org/jboss/marshalling/jboss-marshalling/2.0.0.Final/jboss-marshalling-2.0.0.Final.jar:/Users/user/.m2/repository/org/jboss/arquillian/core/arquillian-core-api/1.4.1.Final/arquillian-core-api-1.4.1.Final.jar:/Users/user/.m2/repository/org/jboss/arquillian/extension/arquillian-rest-client-api/1.0.0.Alpha4/arquillian-rest-client-api-1.0.0.Alpha4.jar:/Users/user/.m2/repository/org/jboss/arquillian/extension/arquillian-rest-client-impl-3x/1.0.0.Alpha4/arquillian-rest-client-impl-3x-1.0.0.Alpha4.jar:/Users/user/.m2/repository/org/jboss/arquillian/extension/arquillian-rest-client-impl-base/1.0.0.Alpha4/arquillian-rest-client-impl-base-1.0.0.Alpha4.jar:/Users/user/.m2/repository/javassist/javassist/3.12.1.GA/javassist-3.12.1.GA.jar:/Users/user/.m2/repository/org/jboss/arquillian/core/arquillian-core-spi/1.4.1.Final/arquillian-core-spi-1.4.1.Final.jar:/Users/user/.m2/repository/org/jboss/resteasy/resteasy-client/3.0.0.Final/resteasy-client-3.0.0.Final.jar:/Users/user/.m2/repository/org/jboss/resteasy/resteasy-jaxrs/3.0.0.Final/resteasy-jaxrs-3.0.0.Final.jar:/Users/user/.m2/repository/org/jboss/resteasy/jaxrs-api/3.0.0.Final/jaxrs-api-3.0.0.Final.jar:/Users/user/.m2/repository/org/slf4j/slf4j-simple/1.5.8/slf4j-simple-1.5.8.jar:/Users/user/.m2/repository/org/slf4j/slf4j-api/1.5.8/slf4j-api-1.5.8.jar:/Users/user/.m2/repository/org/scannotation/scannotation/1.0.3/scannotation-1.0.3.jar:/Users/user/.m2/repository/javax/annotation/jsr250-api/1.0/jsr250-api-1.0.jar:/Users/user/.m2/repository/javax/activation/activation/1.1/activation-1.1.jar:/Users/user/.m2/repository/org/apache/httpcomponents/httpclient/4.2.1/httpclient-4.2.1.jar:/Users/user/.m2/repository/org/apache/httpcomponents/httpcore/4.2.1/httpcore-4.2.1.jar:/Users/user/.m2/repository/commons-logging/commons-logging/1.1.1/commons-logging-1.1.1.jar:/Users/user/.m2/repository/commons-codec/commons-codec/1.6/commons-codec-1.6.jar:/Users/user/.m2/repository/commons-io/commons-io/2.1/commons-io-2.1.jar:/Users/user/.m2/repository/net/jcip/jcip-annotations/1.0/jcip-annotations-1.0.jar:/Users/user/.m2/repository/org/jboss/resteasy/resteasy-jackson-provider/3.6.3.Final/resteasy-jackson-provider-3.6.3.Final.jar:/Users/user/.m2/repository/org/codehaus/jackson/jackson-core-asl/1.9.13/jackson-core-asl-1.9.13.jar:/Users/user/.m2/repository/org/codehaus/jackson/jackson-mapper-asl/1.9.13/jackson-mapper-asl-1.9.13.jar:/Users/user/.m2/repository/org/codehaus/jackson/jackson-jaxrs/1.9.13/jackson-jaxrs-1.9.13.jar:/Users/user/.m2/repository/org/codehaus/jackson/jackson-xc/1.9.13/jackson-xc-1.9.13.jar:/Users/user/.m2/repository/jakarta/xml/bind/jakarta.xml.bind-api/2.3.2/jakarta.xml.bind-api-2.3.2.jar:/Users/user/.m2/repository/jakarta/activation/jakarta.activation-api/1.2.1/jakarta.activation-api-1.2.1.jar:/Users/user/.m2/repository/org/glassfish/jaxb/jaxb-runtime/2.3.2/jaxb-runtime-2.3.2.jar:/Users/user/.m2/repository/org/glassfish/jaxb/txw2/2.3.2/txw2-2.3.2.jar:/Users/user/.m2/repository/com/sun/istack/istack-commons-runtime/3.0.8/istack-commons-runtime-3.0.8.jar:/Users/user/.m2/repository/org/jvnet/staxex/stax-ex/1.8.1/stax-ex-1.8.1.jar:/Users/user/.m2/repository/com/sun/xml/fastinfoset/FastInfoset/1.2.16/FastInfoset-1.2.16.jar:"/>
    <property name="sun.cpu.endian" value="little"/>
    <property name="user.home" value="/Users/user"/>
    <property name="user.language" value="en"/>
    <property name="java.specification.vendor" value="Oracle Corporation"/>
    <property name="java.version.date" value="2021-01-19"/>
    <property name="java.home" value="/Users/user/Library/Java/JavaVirtualMachines/corretto-11.0.10/Contents/Home"/>
    <property name="file.separator" value="/"/>
    <property name="basedir" value="/Users/user/Desktop/bookstore-back"/>
    <property name="java.vm.compressedOopsMode" value="Zero based"/>
    <property name="line.separator" value="&#10;"/>
    <property name="java.specification.name" value="Java Platform API Specification"/>
    <property name="java.vm.specification.vendor" value="Oracle Corporation"/>
    <property name="java.awt.graphicsenv" value="sun.awt.CGraphicsEnvironment"/>
    <property name="surefire.real.class.path" value="/Users/user/Desktop/bookstore-back/target/surefire/surefirebooter5860567310683778574.jar"/>
    <property name="sun.management.compiler" value="HotSpot 64-Bit Tiered Compilers"/>
    <property name="ftp.nonProxyHosts" value="local|*.local|169.254/16|*.169.254/16"/>
    <property name="java.runtime.version" value="11.0.10+9-LTS"/>
    <property name="user.name" value="user"/>
    <property name="path.separator" value=":"/>
    <property name="os.version" value="10.15.7"/>
    <property name="java.runtime.name" value="OpenJDK Runtime Environment"/>
    <property name="file.encoding" value="UTF-8"/>
    <property name="java.vm.name" value="OpenJDK 64-Bit Server VM"/>
    <property name="java.vendor.version" value="Corretto-11.0.10.9.1"/>
    <property name="localRepository" value="/Users/user/.m2/repository"/>
    <property name="java.vendor.url.bug" value="https://github.com/corretto/corretto-11/issues/"/>
    <property name="java.io.tmpdir" value="/var/folders/cb/kkh61tn963d0v602md2c9xm80000gn/T/"/>
    <property name="java.version" value="11.0.10"/>
    <property name="user.dir" value="/Users/user/Desktop/bookstore-back"/>
    <property name="os.arch" value="x86_64"/>
    <property name="java.vm.specification.name" value="Java Virtual Machine Specification"/>
    <property name="java.awt.printerjob" value="sun.lwawt.macosx.CPrinterJob"/>
    <property name="sun.os.patch.level" value="unknown"/>
    <property name="java.library.path" value="/Users/user/Library/Java/Extensions:/Library/Java/Extensions:/Network/Library/Java/Extensions:/System/Library/Java/Extensions:/usr/lib/java:."/>
    <property name="java.vm.info" value="mixed mode"/>
    <property name="java.vendor" value="Amazon.com Inc."/>
    <property name="java.vm.version" value="11.0.10+9-LTS"/>
    <property name="sun.io.unicode.encoding" value="UnicodeBig"/>
    <property name="java.class.version" value="55.0"/>
    <property name="socksNonProxyHosts" value="local|*.local|169.254/16|*.169.254/16"/>
  </properties>
  <testcase name="shouldBeDeployed" classname="com.pluralsight.bookstore.repository.BookRepositoryTest" time="0.232"/>
  <testcase name="shouldGetNoBook" classname="com.pluralsight.bookstore.repository.BookRepositoryTest" time="0.041"/>
  <testcase name="shouldCreateABook" classname="com.pluralsight.bookstore.repository.BookRepositoryTest" time="0.162"/>
  <testcase name="shouldFindTheCreatedBook" classname="com.pluralsight.bookstore.repository.BookRepositoryTest" time="0.037"/>
  <testcase name="shouldGetOneBook" classname="com.pluralsight.bookstore.repository.BookRepositoryTest" time="0.032"/>
  <testcase name="shouldDeleteTheCreatedBook" classname="com.pluralsight.bookstore.repository.BookRepositoryTest" time="0.053"/>
  <testcase name="shouldGetNoMoreBook" classname="com.pluralsight.bookstore.repository.BookRepositoryTest" time="0.141"/>
  <testcase name="shouldFailCreatingANullBook" classname="com.pluralsight.bookstore.repository.BookRepositoryTest" time="0.219"/>
  <testcase name="shouldFailCreatingABookWithNullTitle" classname="com.pluralsight.bookstore.repository.BookRepositoryTest" time="0.047"/>
  <testcase name="shouldNotFailCreatingABookWithNullISBN" classname="com.pluralsight.bookstore.repository.BookRepositoryTest" time="0.03"/>
  <testcase name="shouldFailInvokingFindByIdWithNull" classname="com.pluralsight.bookstore.repository.BookRepositoryTest" time="0.044"/>
  <testcase name="shouldNotFindUnknownId" classname="com.pluralsight.bookstore.repository.BookRepositoryTest" time="0.022"/>
  <testcase name="shouldFailInvokingDeleteByIdWithNull" classname="com.pluralsight.bookstore.repository.BookRepositoryTest" time="0.053"/>
  <testcase name="shouldNotDeleteUnknownId" classname="com.pluralsight.bookstore.repository.BookRepositoryTest" time="0.039"/>
</testsuite>